[RUN #0 100 100]
979 529 566 652 439 400 253 57 55 373 37 -532 -54 -954 -65 -21 863 710 553 622 84 -544 -509 -782 696 -567 223 823 454 34 464 613 405 900 -303 954 595 473 -459 -414 505 -142 -81 161 -503 167 935 -53 768 -23 433 -523 -438 -384 111 -789 165 -61 739 314 -979 440 458 -116 770 286 -336 -404 985 -679 -914 -274 -559 -850 526 788 743 -994 -700 366 120 936 556 -601 511 792 672 -849 -895 -866 845 -122 689 -452 901 988 -150 -198 155 825
815 790 -207 362 -25 -96 -580 -803 -45 684 -831 -594 292 344 -651 -866 271 -887 -283 711 164 -814 211 -427 228 -678 862 837 587 308 412 -239 447 -510 421 566 979 -635 649 574 -765 -425 -368 236 749 -65 -41 608 328 -271 -161 819 61 -165 -863 407 -455 -116 -370 -33 -650 -267 384 690 -698 -408 133 662 -170 559 -177 -298 -229 99 641 -365 514 767 743 119 -225 976 826 -909 -779 395 -512 838 -250 350 -837 298 368 -14 590 -948 -140 -216 -947 729
845 -128 975 -308 -233 939 -410 287 -541 -98 -871 534 424 371 -490 -636 590 -474 607 829 -69 21 908 -396 -522 826 -520 -788 -848 -158 -789 952 -570 -595 -823 -764 -136 -905 576 -951 388 -865 -726 -886 -93 -269 48 -119 -750 -468 -937 -702 -401 991 -940 -152 986 -422 824 -830 -635 801 -96 -381 -986 -411 971 644 -507 972 976 651 -808 -482 744 -220 907 -503 934 -680 879 49 140 27 -25 996 -628 -323 -91 -790 52 109 874 743 688 -73 -969 591 262 848
-523 -863 -43 -559 -190 510 -219 -945 -398 775 691 -769 304 296 -468 748 -843 539 -618 706 794 122 -204 283 533 -983 787 -211 -140 -660 -169 -966 -851 -172 483 -740 -432 -102 790 885 -409 524 639 384 -975 -929 217 877 -271 489 -134 801 15 62 968 287 954 730 328 417 -662 136 -272 -54 109 -728 929 753 -461 -978 -63 -404 -909 -350 380 -498 -157 224 714 184 -982 -259 -663 433 409 239 -122 -703 858 728 -816 76 -465 11 119 -174 30 -989 -599 540
-180 485 -167 354 -502 7 725 268 127 -91 161 502 -467 269 -130 -98 636 -791 -197 -332 -299 89 68 -682 -15 392 -688 589 -913 -698 -234 -601 -147 -253 17 -626 -752 -770 -718 303 456 460 -326 -706 805 -779 -804 6 -25 97 -936 -373 142 -163 583 -390 697 740 -290 -446 812 245 753 -375 824 902 157 -77 491 670 163 -546 -240 -600 25 240 -221 -407 -537 -488 808 955 -198 -205 260 146 974 457 -126 -603 -914 -900 -247 53 695 -970 -944 195 -747 469
-162 260 -632 -649 845 263 337 -741 965 294 273 49 728 -103 -177 -1 385 398 -17 -625 -818 -965 64 400 898 110 -326 -430 754 355 173 -237 394 677 130 -700 -240 252 -599 41 612 116 -52 910 -485 -721 -204 224 739 -759 -629 302 -558 782 982 -976 -193 -118 -597 -624 579 -685 892 571 841 587 664 -290 14 -311 -408 517 -502 -98 -885 -489 432 241 212 185 450 -278 -622 -801 981 311 818 -996 -160 -179 607 -292 -800 198 -707 370 640 131 -946 -909
160 968 -999 -7 86 563 -859 -769 -767 -198 655 -438 610 755 843 -20 450 -443 564 70 604 -185 813 -15 -712 -460 -638 220 -804 81 -39 -326 -143 22 153 258 -425 804 166 388 -927 -139 -448 287 -805 -698 -57 673 -292 -48 -790 -667 -398 34 -721 -661 78 393 -348 53 -81 125 -780 -987 -113 252 92 -945 336 -995 -290 113 -389 -452 -384 -871 748 792 847 -385 119 -518 -791 -956 877 -248 -67 -700 97 45 -768 -294 -242 -842 -429 -853 944 602 849 549
[RUN #1 100 100]
428 301 -680 577 153 659 19 245 391 -12 826 -731 -366 -916 -243 -808 -316 727 779 810 584 844 -704 -734 928 818 -903 -584 -455 -312 -765 441 -453 -733 178 325 617 -425 243 939 998 -282 760 -458 -209 675 -337 418 -928 -655 809 299 -606 -504 129 298 749 327 952 67 -428 517 -32 -855 -454 787 -91 -419 -66 811 221 -923 -385 103 -661 462 -261 -598 -266 -281 -934 643 -627 -608 288 -894 210 789 -68 926 -736 -115 15 -991 -443 389 -346 -172 -885 -511
-174 19 -909 345 -837 -249 -350 -955 -302 736 717 -707 -898 -393 722 699 -618 -691 -15 -658 212 600 -899 20 -701 368 -555 540 438 327 -943 958 875 37 -320 -738 550 -403 705 770 71 664 383 878 388 -499 630 332 -93 938 413 854 -771 -735 -400 129 901 -878 -562 -616 -50 654 -880 293 956 579 749 -372 978 -576 245 349 609 -31 -57 -709 561 -209 -491 -300 -517 -498 3 -178 216 233 957 -830 -727 567 250 -645 573 483 338 -319 -198 -648 716 -801
[RUN #2 100 100]
352 -693 -554 606 -180 215 -245 677 456 105 0 64 -213 67 190 -829 221 423 113 -934 -656 -286 -26 -95 -120 817 -762 -450 -787 -733 149 978 523 381 863 -778 16 -43 647 -59 546 13 -821 -555 786 -334 168 -9 -386 484 -916 -155 -845 204 -855 506 -403 726 897 -136 -251 -306 -244 -454 -69 839 -192 768 -326 20 -575 -773 -462 -366 840 31 -351 73 -172 -393 996 -551 -623 -586 202 -825 -357 575 796 -683 -698 -771 830 -684 -46 -233 -200 -794 721 -786
[RUN #3 10 10]
-174 -886 177 210 600 455 -406 -331 366 -654
652 606 513 992 -32 321 -386 166 -389 -147
[RUN #4 10 10]
-196 -103 343 -876 225 -221 969 -510 -755 -646
-244 -953 -327 36 869 -396 864 -987 -98 -733
642 -328 679 371 -684 594 -266 -853 519 569
541 902 462 330 855 446 451 -569 -802 528
[RUN #5 10 10]
-169 670 8 -334 22 289 785 -287 7 24
[RUN #6 10 10]
599 55 -135 496 889 -988 -557 -600 682 -192
-182 673 -240 211 145 922 829 -932 -336 -442
866 692 562 685 -233 797 -61 -23 694 687
887 582 -112 -678 172 233 760 -229 748 984
-208 294 949 196 334 664 -852 858 -1000 -138
[RUN #7 100 2]
-701 540 925 -667 455 613 454 -78 282 795 -784 196 288 -320 -972 -704 -255 -146 283 164 472 -876 -977 -580 442 -915 -300 -999 -392 668 617 -570 -405 304 -976 641 -855 483 -472 637 -527 694 580 793 -547 -89 -257 660 -81 220 143 -42 -634 -340 -407 -744 -127 766 639 -676 -314 -245 -565 285 170 -5 104 681 804 987 -528 781 -950 -465 798 487 900 805 -483 -31 764 -702 938 83 -794 566 135 384 845 -458 -892 -699 -217 10 -767 817 259 -119 532 409
-205 -135 205 -690 -87 -364 601 -845 716 -437 980 73 23 349 645 -608 -596 202 501 -920 485 238 160 91 74 280 540 829 -875 -191 669 -14 -283 513 415 -288 -151 598 -373 401 -287 125 -422 806 66 966 -213 -504 289 926 -841 -355 933 414 535 580 -424 371 -905 -999 -975 162 -855 -243 -108 -904 -997 -311 -483 656 723 250 564 -910 196 -729 -664 -219 585 30 -619 552 88 -490 -197 334 -97 62 653 -734 506 773 -128 793 -651 -776 -869 -820 240 -757
[RUN #8 100 2]
750 887 -678 -989 408 -5 -752 983 225 719 213 261 -745 821 -900 -521 523 228 -165 -664 118 -563 397 -274 382 -951 -966 -623 941 -223 639 -812 548 284 -684 -432 -219 24 -884 -326 -780 -461 776 -992 -116 -998 -122 -125 -957 116 63 366 -37 62 466 508 56 845 289 424 958 172 -245 230 -120 -910 -424 -417 -964 764 75 231 90 -491 -937 -566 -363 -847 788 -384 132 -926 343 -716 -202 -287 -816 798 156 -119 209 691 -88 654 610 -919 812 -67 33 -152
719 -139 -695 0 -112 81 -733 -774 -252 -38 948 -527 -247 596 451 463 -361 -237 671 958 -797 157 -757 -666 -117 -124 959 494 475 487 277 -601 491 -613 -588 -777 263 508 283 -660 329 878 -42 -648 -684 -464 929 989 609 605 -653 432 -591 443 987 882 -827 729 -606 690 -214 -881 -930 584 -24 -249 -636 474 -743 -992 105 -880 -671 -685 72 479 -193 477 -283 -346 332 717 -375 23 259 -829 780 680 -448 -218 447 352 -80 -183 222 -655 -714 -931 -229 -690
[RUN #9 100 2]
509 -892 552 -700 -325 -529 -901 151 -814 -654 -123 84 220 745 142 171 392 -983 -597 803 513 484 -389 447 956 130 -936 830 672 261 376 -200 88 92 -62 702 -301 -343 -596 -356 730 77 91 287 977 -60 62 640 -185 -999 35 430 281 490 358 -321 -197 -770 -316 167 735 -326 -358 426 -345 580 967 -473 -671 -271 -858 684 -544 -705 836 -308 -574 -509 904 -745 324 -805 898 351 949 -355 378 -459 691 -364 375 -592 400 -911 -976 539 -812 190 -121 -22
[RUN #10 100 2]
-643 -953 -370 -386 -971 886 205 -913 -157 -158 -574 738 -202 -306 -762 -377 947 372 -357 508 -634 641 -411 -130 -772 -997 -450 231 -986 -529 359 -116 1 -700 343 -331 -141 555 262 -293 833 -853 -330 -451 162 849 -925 -737 582 -733 -455 -464 -126 652 -32 -870 -316 40 -257 36 -47 -110 964 -593 225 -600 706 -216 540 -397 595 -211 710 461 261 -571 433 -144 -364 587 148 -173 -41 226 679 53 -473 -949 -749 -528 -932 -699 33 -3 689 60 654 792 -101 707
[RUN #11 100 2]
-756 -772 843 659 -891 -260 364 -761 523 -555 -770 -271 353 134 233 -346 -643 -684 -455 -880 -860 -348 -755 771 -428 -434 -981 173 -366 441 -955 -215 798 990 796 -806 -631 -536 203 86 611 -736 583 -706 -158 841 458 -924 -967 -933 -976 -870 -542 -627 -437 -445 573 -505 -405 265 -23 482 401 -821 846 888 -765 -45 74 -567 -479 -921 927 -355 -41 737 -387 -423 311 -410 692 881 586 -471 179 -858 -118 -715 -43 581 -113 -875 -877 -243 623 802 -704 893 535 -817
30 853 -474 -640 571 126 559 -693 927 -81 45 -567 659 330 -350 951 -685 -214 575 -93 320 -240 -282 -345 -609 -645 841 -255 220 -233 949 -731 71 -18 -10 -246 -228 -643 728 -863 333 649 -277 382 181 -729 -106 -272 -942 766 -607 806 -840 233 334 -388 -890 794 -862 162 215 966 512 483 -664 -564 -674 475 260 652 -536 -806 250 636 -725 542 310 -411 588 201 -175 -415 868 -437 632 723 457 595 213 -600 -333 221 -281 420 450 503 804 570 223 -871
[RUN #12 5 2]
630 191 -703 637 -817
-902 -685 -961 464 916
[RUN #13 5 2]
-497 -89 726 -881 223
[RUN #14 5 2]
970 -640 983 -3 437
161 -607 -746 -974 -193
[RUN #15 5 2]
409 -368 -548 442 -354
-160 -470 -483 -741 -132
[RUN #16 5 2]
366 804 222 488 -784
-673 -732 405 -353 854
[RUN #17 5 2]
150 -399 552 494 -119
-259 -546 535 -617 720
[RUN #18 5 2]
-3 -149 -935 -607 345
73 -575 -266 -8 -965
[RUN #19 5 2]
-348 -136 -200 -63 403
600 -355 -198 475 -191
[RUN #20 5 2]
-839 -631 -417 -102 574
[RUN #21 5 2]
-684 92 -530 622 -572
-827 632 310 621 8
[RUN #22 5 2]
648 -685 320 56 560
-14 64 587 -34 954
[RUN #23 500 2]
-200 -856 -409 -133 -576 728 758 -257 -96 -957 980 -659 66 749 304 -803 113 356 970 -613 303 -761 -887 -822 273 859 -202 753 579 -285 -370 -205 884 -467 -271 449 369 -875 -990 308 -530 -357 -790 -343 55 -846 829 -258 608 391 156 -667 227 968 689 -431 -384 -108 233 680 -793 -150 908 596 572 -259 752 934 -281 -223 72 -33 306 260 -14 -889 406 846 -622 -635 -543 -520 -557 -477 -625 762 578 -366 -64 374 -872 -811 805 701 -190 848 305 -53 901 343 -832 -583 108 -306 929 236 -617 -899 640 454 -362 -873 -727 -760 -504 -139 1 -812 -651 -697 -709 502 -227 -786 -194 30 -929 -665 70 586 400 242 -830 -537 -498 -688 358 -332 -413 204 694 -115 745 -447 -609 111 -485 771 136 -325 106 -180 -501 946 28 -216 184 188 -1000 621 -763 210 -201 182 378 -334 465 966 52 -67 325 -539 557 424 781 461 -471 -662 63 496 -37 285 -867 944 513 -207 534 712 230 -634 511 936 -796 48 -847 648 -700 -605 727 851 -69 170 -439 158 60 -649 -50 -656 117 -399 913 650 897 -883 587 -160 614 927 -766 142 168 806 -6 312 13 -165 138 293 -88 -995 134 -707 -44 658 -788 177 351 264 804 -816 294 567 39 -405 -599 -910 -770 938 -828 -971 544 381 986 588 935 87 -643 174 -265 -993 886 -641 542 -295 -802 789 140 54 47 -54 526 -827 -473 -189 475 489 146 341 -682 750 -175 120 457 328 -969 -509 678 -992 -638 695 -591 -655 379 575 -580 -198 702 835 -416 485 248 302 -383 -893 574 507 377 699 740 675 415 416 151 488 581 346 -260 -572 832 470 -855 -445 685 -947 280 -397 -4 -998 -586 -741 189 -506 -670 466 387 -402 -955 -602 975 217 69 -23 -311 791 8 -517 718 -645 -716 984 -262 671 -378 508 -519 521 21 -913 533 -193 -429 493 -809 -570 495 -684 -195 -774 191 -487 -608 733 -800 -113 576 776 -764 -578 220 793 -166 -909 244 370 943 -159 872 -921 569 -708 -542 -499 -948 -148 890 34 330 531 396 561 35 764 637 -449 717 14 141 -76 355 226 240 176 -660 473 -303 -435 83 112 6 426 -632 56 -411 -51 200 -280 -323 317 -732 -255 -767 322 -385 98 -329 476 -838 -197 -187 -217 623 -163 99 384 -884 788 707 -78 -252 -569 562 -922 -43 -105 -845 62 85 -155 612 -975 838 -593 -577 817 759 88 -344 -183 116 -453 -147 50 742 997 344 -713 636 -348 -312 -380 -294 -236 -646 -169 291 207 339 -423 -673 -777 958 395 131 71 -675 -836 -874 126 333 -121
[RUN #24 500 2]
-461 -6 -883 6 19 123 456 -51 -870 -466 608 -370 -658 -518 852 502 879 464 98 434 -924 -908 256 -23 -457 -795 -310 259 496 445 455 -964 66 -959 700 989 -163 -871 -262 396 733 154 -635 -201 -72 987 58 -764 435 -129 -773 -526 -301 -638 245 -479 -640 -859 -27 -558 215 644 -160 -732 433 -419 -824 -776 401 -326 -910 636 59 742 96 407 225 877 -228 -901 -106 -404 413 -161 903 805 -59 555 36 -740 -357 -498 78 618 -453 656 -138 595 -914 -546 799 -843 333 829 485 600 -432 -788 -998 -283 -560 769 -605 -549 -288 -139 -528 -446 586 750 479 -996 -512 -202 -550 324 248 673 -557 -647 -147 295 -159 -26 512 402 105 -884 482 -787 -565 -522 283 -762 -480 147 -731 -821 -30 -725 -434 726 -559 376 687 -214 391 330 -853 526 749 -936 -561 836 -10 351 110 -664 -532 176 495 839 -336 -211 923 -830 -632 -38 159 418 432 -80 -533 -492 748 875 695 -5 -316 280 127 -805 -706 478 -317 373 491 -604 466 -145 -933 -735 379 404 -763 639 -697 -279 370 624 -300 976 -208 759 264 -49 -751 -433 -19 -94 306 773 -195 -667 -584 -768 551 -537 -244 -392 423 -594 497 238 -863 -794 -756 -850 508 297 854 -451 149 -105 548 -307 514 38 49 203 152 -785 170 461 -332 -365 867 -315 865 -639 -489 -904 427 924 569 -789 914 974 -505 -683 574 -747 633 -93 -269 -814 -912 -812 765 792 -327 912 676 -986 -83 263 -634 390 -256 -241 632 887 -564 -530 -685 -491 -832 -547 855 -131 -372 -68 104 -189 -426 637 856 368 361 -156 -253 -948 -391 697 -347 -230 -953 346 72 784 205 -112 -276 755 -739 -79 -320 571 -374 -324 584 730 165 217 -413 -273 -148 550 -122 430 -58 -495 -117 -644 897 913 -149 -144 520 180 -628 -108 -516 34 873 -119 415 -668 745 -798 -544 -216 7 240 864 992 -737 -471 -599 523 12 -894 -663 -552 -811 -665 -624 -362 410 162 319 -421 -571 51 -807 649 115 298 679 993 35 -869 -903 -778 -721 -995 -389 -741 155 102 109 -899 -429 -178 383 840 843 979 -771 287 -782 761 977 -772 647 740 -592 -111 -204 178 907 -346 -190 758 -338 409 -882 77 -886 -150 668 582 130 -285 1 -67 672 487 630 -648 380 322 -206 412 -817 -887 -135 995 -929 538 -292 -267 -836 -589 795 -846 441 378 440 -960 -134 -174 260 16 -937 211 -827 57 505 -831 -188 -45 802 793 816 -477 622 25 834 -486 951 -818 -235 288 -455 704 -752 959 -822 84 -961 -24 -987 575 323 744 859 -573 -600 -312
[RUN #25 500 2]
-554 -876 847 945 477 -81 673 409 797 876 377 -766 226 -981 171 -231 381 571 -308 -32 885 925 -258 -352 -453 -392 -915 -951 562 -18 586 344 -413 81 214 741 303 -368 36 277 691 -390 -707 521 -738 609 524 -140 454 -649 -384 134 385 -940 0 -216 -230 732 137 486 790 -909 -874 714 -821 -895 119 292 716 -158 333 -185 -389 -148 -633 -589 550 -141 -732 856 -103 999 458 -890 -131 -31 133 -695 110 33 -897 -58 555 397 -57 -1 -789 383 -481 783 -491 997 684 808 -326 499 -966 650 718 449 -873 961 -580 829 -573 200 -199 948 44 915 -462 929 950 76 628 5 964 63 -289 39 -750 -716 314 -365 -853 774 205 -64 18 -824 298 -961 -387 -662 -286 73 -811 306 -348 -868 -810 -458 594 -12 -494 -856 -157 656 142 -222 448 -84 417 -395 265 -616 452 -342 -799 50 -181 -168 984 -223 -944 -130 734 624 -461 97 -85 -236 225 -796 533 700 -661 411 -820 307 892 -469 -917 55 -13 -218 -90 295 17 848 -818 246 128 -680 -593 -253 98 -152 971 253 -668 -255 -652 -475 -552 -492 537 395 -530 -186 512 -902 -24 869 760 -948 -602 -280 -474 7 -296 -929 -564 -82 -533 330 -701 496 811 -217 -779 -697 583 906 -919 875 481 -814 -865 862 443 425 -751 311 -549 -496 -262 642 87 -570 879 -260 -888 79 -488 -277 799 -165 -325 -75 508 -452 360 -659 -893 400 439 -321 -433 -512 -169 58 940 719 -837 -774 164 972 151 -347 -269 -568 16 -753 -17 938 -634 -882 -866 -11 -813 -445 -127 208 838 -478 301 -146 -187 903 -477 -427 541 663 93 627 -525 -449 -650 -708 -463 -374 819 727 459 -473 -354 -905 45 375 -79 930 -505 239 402 -266 -705 166 -953 -975 560 -327 -631 554 750 48 613 347 -337 745 -647 -497 -259 10 371 667 -77 127 -968 -238 -401 466 299 -93 -363 -252 204 733 399 987 868 434 923 -239 51 -162 324 -459 -677 187 653 217 851 900 602 415 606 924 798 991 -109 440 -111 -989 -120 946 -717 -508 -355 455 634 814 -735 -538 -72 69 -3 -303 -669 -61 -499 708 908 -656 68 319 -903 -73 -886 -561 -76 160 701 296 993 -200 247 -547 393 476 153 773 556 -614 -381 215 -925 -410 526 -320 1 -336 -667 944 177 595 419 -126 194 94 -833 156 471 -128 515 423 576 -102 -519 585 840 -468 457 689 -441 -383 281 -293 -380 -858 -597 -358 -36 -802 568 -854 816 759 -592 612 -994 -335 -927 -832 414 -356 542 709 412 659 342 -586 -617 815 -904 861 -15 -16 -763 726
[RUN #26 100 2]
670 215 -730 73 -976 350 983 795 -513 981 -21 -866 -56 -439 -622 525 700 6 -713 -87 515 -677 -697 -989 228 -199 595 491 589 256 580 -232 -328 -24 196 127 848 748 -213 613 686 840 949 900 -255 -593 337 183 263 -835 373 -562 379 827 141 326 -308 -776 -575 -995 734 -503 237 -322 -768 844 -472 55 194 -917 462 -845 542 -671 -707 598 -38 896 -636 -331 -648 661 -523 206 786 522 380 -215 -230 -9 -4 -332 761 -447 -600 -549 821 615 -388 -290
-372 180 370 214 514 -28 824 -814 -434 -727 96 302 -889 675 233 -50 -844 -364 8 301 -383 -457 362 988 -578 794 363 317 130 -11 -982 -281 427 259 -774 934 -44 -616 574 -615 108 419 -402 -115 914 686 -516 -590 -933 -400 -979 591 -967 314 -424 -483 -757 -456 -156 -38 654 881 -619 408 290 106 420 -705 -662 583 -234 -900 -856 -978 332 959 -663 632 672 527 -201 489 -606 -259 -904 891 -291 -310 -912 902 618 954 -511 -64 -31 -596 -439 -111 712 172
[RUN #27 100 2]
-762 563 -730 368 662 -375 873 279 274 834 492 -506 -412 -698 -847 939 -672 -86 -760 620 -478 573 9 658 284 -670 -321 90 -684 444 848 956 69 -658 -44 -174 940 239 -138 189 -793 708 745 -695 -877 -70 598 692 796 -549 -542 826 55 -611 -249 -892 365 -432 96 -441 649 246 -811 -216 -449 -675 418 748 -26 122 40 -783 -323 -255 -407 -702 -82 -451 -787 -899 -152 488 -613 291 -286 -20 786 557 -273 -96 -456 26 763 -234 -539 97 345 -102 581 -589
-151 914 -802 440 -571 651 935 953 -366 95 705 560 144 734 -910 -140 180 533 611 666 893 -471 -114 -179 602 549 703 -865 -337 318 47 764 861 333 238 -956 -189 -280 246 -998 853 -629 779 -668 674 603 -996 11 395 300 -592 855 -87 577 -237 -249 -196 600 872 555 -13 342 -11 -314 -682 107 155 322 584 -149 -927 627 -696 -683 -295 763 -206 -552 663 68 439 470 -572 -309 -861 -847 625 -529 -585 724 245 268 876 795 -988 -49 -952 -479 -824 -29
[RUN #28 500 2]
-364 101 -179 -387 -730 -961 364 -868 -829 -774 -577 -122 634 734 -265 -456 717 129 -886 507 802 -632 -379 622 592 -728 433 479 711 -922 -110 -551 -270 754 324 583 -684 -95 952 604 -516 -418 958 -262 497 -395 -190 -88 5 -725 -936 -50 -513 437 -726 239 228 445 396 444 1 526 862 -342 -10 -825 -710 -515 -486 145 182 680 -130 336 50 69 780 729 -739 -476 -859 84 841 460 337 468 -994 529 18 -124 -598 59 -700 216 -625 881 -19 921 -209 49 685 -175 -259 -341 -744 494 -942 960 -434 282 169 -469 -503 743 -389 803 -457 597 687 383 473 268 378 -183 586 782 -86 932 -655 -972 -80 -346 611 -436 -693 -430 -25 991 -159 165 589 -582 -888 -808 528 -20 840 172 900 44 -388 162 -474 953 896 -288 417 -973 510 767 -242 591 809 338 -419 -117 -246 -254 772 832 -161 489 -221 843 -703 836 37 -520 -197 52 267 -466 -547 204 639 -152 795 320 426 -16 -905 -34 874 -928 -356 465 859 -532 -245 844 -523 -860 147 -618 -969 740 2 705 -420 584 -856 889 -742 -23 -514 349 978 -18 341 446 865 937 892 260 -541 -289 -169 500 -85 116 -542 -74 -543 -349 980 -461 770 -645 956 -661 -2 876 363 -606 242 -612 939 -830 521 -920 -343 285 -624 673 492 -459 393 -372 918 -27 -186 985 93 -573 201 192 463 856 41 -229 883 350 -239 148 -291 -135 -717 598 -672 394 -771 180 501 -407 -786 572 798 514 28 -118 -380 686 431 -848 -575 -824 199 -602 -908 420 771 48 -266 -603 557 -81 -557 625 -82 450 -508 -518 -485 550 -277 389 432 -653 -439 313 -340 -328 577 367 643 224 -697 -32 -686 941 257 357 270 -729 -274 372 917 -241 299 -195 23 411 -46 -925 -811 512 -801 873 677 412 345 511 75 25 826 3 703 -650 119 -154 -174 -385 -982 847 -61 638 -565 -227 784 120 517 650 -756 -783 576 560 -75 150 815 627 -384 125 797 -185 -5 -510 536 713 791 6 160 -805 117 566 -393 459 -447 -35 232 -218 -554 660 -226 887 -560 -211 637 -536 -41 272 720 710 850 207 -746 -62 -781 -72 -78 279 -362 -614 520 190 321 471 909 -527 -208 799 994 -731 -313 -812 775 429 878 -497 563 860 -893 671 -622 474 934 466 -125 752 483 144 -720 647 947 624 -330 355 551 893 142 824 265 330 -673 -952 -884 540 -87 -212 666 888 373 438 -576 -409 -976 -984 302 907 961 73 83 983 -144 571 343 614 -745 400 -305 -738 -363 -28 800 -263 369 837 -802 -149 -460 238
[RUN #29 0-500 2]


910
[RUN #30 0-20 2]


269
[RUN #31 0-20 2]


-773
[RUN #32 1-20 2]
-10
[RUN #33 1-20 2]
-715
[RUN #34 1-20 2]
-653
[RUN #35 2-20 2]
-912 514
432 -397
666 199 -349
-808 -848 386
-177 -658 -440 -696
-103 686 439 -31
-587 -474 -542 673 -505
123 -723 218 429 488
685 330 762 219 974 537
-37 299 -939 191 497 414
249 887 -954 -164 971 75 702
907 -841 641 -486 -70 469 -68
-248 -228 -976 -288 660 -860 -376 -363
468 -772 -760 458 97 -372 64 -494
190 -190 -26 -293 -230 -176 -265 214 239
417 -435 -173 107 -152 -14 775 -61 -608
466 998 411 441 -318 -548 -699 -951 620 -663
-657 -18 758 498 -891 517 -802 185 130 889
807 -566 -765 -147 89 799 -981 -85 404 729 -585
-271 -921 624 -396 -692 852 27 930 407 -807 -175
-772 -461 700 201 868 -538 304 505 140 319 256 936
-755 -647 435 -726 -959 633 549 -926 879 -470 326 -75
-468 -669 -310 468 443 -425 -520 -639 -929 617 -916 -515 839
-284 990 597 679 318 234 -402 336 843 886 824 -409 -90
-163 -430 269 -656 -482 10 -907 -165 -618 603 -431 -253 404 -690
-651 230 -901 -966 -234 990 -684 -306 740 -178 139 -616 509 -114
-1 -50 -835 -707 -502 -272 -136 -834 -484 -255 -412 -243 -600 -991 -538
57 558 424 -497 -391 350 -734 74 -258 803 534 -265 606 -461 -26
345 -273 -605 -203 250 -78 -683 -264 -86 510 1 -563 889 -542 504 -952
-255 879 900 -270 909 264 -111 836 -493 -356 -186 751 -959 407 -69 -864
97 81 728 369 -234 792 920 -412 -368 0 -923 116 -491 589 -288 841 -337
-120 -842 -643 -300 29 -327 429 756 -455 132 2 588 996 105 10 401 -596
-959 470 944 -202 697 -677 522 588 654 -408 529 -593 -158 610 462 991 -671 769
619 -213 858 -863 411 -655 946 -885 182 247 457 -266 210 -878 -1 537 -130 -321
526 -465 -246 -231 950 367 218 -525 -325 112 -755 501 651 -105 910 -41 -401 -30 476
797 -191 618 -393 -707 994 -169 762 435 906 881 -438 -816 245 -392 -585 -831 947 -306
-174 262 897 -858 46 439 524 292 -31 873 638 -672 -814 745 731 22 -654 -561 -954 -928
-955 405 311 809 -111 -644 -58 638 -345 915 745 526 349 336 837 -485 -349 256 -814 -292
[RUN #36 2-20 20]
562 -488
442 14
303 -350
959 -755
-1 -734
-499 -133
555 475
619 -500
276 394
-508 327
619 3
978 -947
-241 -17
497 -833
-230 -244
-969 885
338 -240
-465 -945
-134 -275
358 -498
-57 -366 61
877 -706 -395
