make --dry-run --always-make --keep-going --print-directory
make: Entering directory '/home/sdi-lega/Documents/push_swap'
echo  "\rCreating \"libftprintf.a\".\033[K\c"
make -sC libraries/ft_printf
echo "\rLibrary \"libftprintf.a\" created\033[K"
echo  "\rCreating common \"ps_errors.o\" object file.\033[K\c"
gcc -Iincludes -Isources/common/headers/ -Ilibraries/ft_printf/ -MMD -Wall -Werror -Wextra -Iincludes -Isources/common/headers/ -Ilibraries/ft_printf/ -c sources/common/ps_errors.c -o sources/common/objects/ps_errors.o -g
sleep 0.2
echo  "\rCreating common \"ps_handle_parameters.o\" object file.\033[K\c"
gcc -Iincludes -Isources/common/headers/ -Ilibraries/ft_printf/ -MMD -Wall -Werror -Wextra -Iincludes -Isources/common/headers/ -Ilibraries/ft_printf/ -c sources/common/ps_handle_parameters.c -o sources/common/objects/ps_handle_parameters.o -g
sleep 0.2
echo  "\rCreating common \"ps_push.o\" object file.\033[K\c"
gcc -Iincludes -Isources/common/headers/ -Ilibraries/ft_printf/ -MMD -Wall -Werror -Wextra -Iincludes -Isources/common/headers/ -Ilibraries/ft_printf/ -c sources/common/ps_push.c -o sources/common/objects/ps_push.o -g
sleep 0.2
echo  "\rCreating common \"ps_rotate.o\" object file.\033[K\c"
gcc -Iincludes -Isources/common/headers/ -Ilibraries/ft_printf/ -MMD -Wall -Werror -Wextra -Iincludes -Isources/common/headers/ -Ilibraries/ft_printf/ -c sources/common/ps_rotate.c -o sources/common/objects/ps_rotate.o -g
sleep 0.2
echo  "\rCreating common \"ps_stacks_init.o\" object file.\033[K\c"
gcc -Iincludes -Isources/common/headers/ -Ilibraries/ft_printf/ -MMD -Wall -Werror -Wextra -Iincludes -Isources/common/headers/ -Ilibraries/ft_printf/ -c sources/common/ps_stacks_init.c -o sources/common/objects/ps_stacks_init.o -g
sleep 0.2
echo  "\rCreating common \"ps_swap.o\" object file.\033[K\c"
gcc -Iincludes -Isources/common/headers/ -Ilibraries/ft_printf/ -MMD -Wall -Werror -Wextra -Iincludes -Isources/common/headers/ -Ilibraries/ft_printf/ -c sources/common/ps_swap.c -o sources/common/objects/ps_swap.o -g
sleep 0.2
echo  "\rCreating common \"ps_utils.o\" object file.\033[K\c"
gcc -Iincludes -Isources/common/headers/ -Ilibraries/ft_printf/ -MMD -Wall -Werror -Wextra -Iincludes -Isources/common/headers/ -Ilibraries/ft_printf/ -c sources/common/ps_utils.c -o sources/common/objects/ps_utils.o -g
sleep 0.2
echo  "\rCreating common \"ps_is_sorted.o\" object file.\033[K\c"
gcc -Iincludes -Isources/common/headers/ -Ilibraries/ft_printf/ -MMD -Wall -Werror -Wextra -Iincludes -Isources/common/headers/ -Ilibraries/ft_printf/ -c sources/common/ps_is_sorted.c -o sources/common/objects/ps_is_sorted.o -g
sleep 0.2
echo  "\rCreating mandatory \"ps_manda_utils.o\" object file.\033[K\c"
gcc -Iincludes -Isources/common/headers/ -Ilibraries/ft_printf/ -MMD -Wall -Werror -Wextra -Isources/mandatory/headers/ -Ilibraries/ft_printf/ -c sources/mandatory/ps_manda_utils.c -o sources/mandatory/objects/ps_manda_utils.o -g
sleep 0.2
echo  "\rCreating mandatory \"ps_print_push.o\" object file.\033[K\c"
gcc -Iincludes -Isources/common/headers/ -Ilibraries/ft_printf/ -MMD -Wall -Werror -Wextra -Isources/mandatory/headers/ -Ilibraries/ft_printf/ -c sources/mandatory/ps_print_push.c -o sources/mandatory/objects/ps_print_push.o -g
sleep 0.2
echo  "\rCreating mandatory \"ps_print_rotate.o\" object file.\033[K\c"
gcc -Iincludes -Isources/common/headers/ -Ilibraries/ft_printf/ -MMD -Wall -Werror -Wextra -Isources/mandatory/headers/ -Ilibraries/ft_printf/ -c sources/mandatory/ps_print_rotate.c -o sources/mandatory/objects/ps_print_rotate.o -g
sleep 0.2
echo  "\rCreating mandatory \"ps_print_swap.o\" object file.\033[K\c"
gcc -Iincludes -Isources/common/headers/ -Ilibraries/ft_printf/ -MMD -Wall -Werror -Wextra -Isources/mandatory/headers/ -Ilibraries/ft_printf/ -c sources/mandatory/ps_print_swap.c -o sources/mandatory/objects/ps_print_swap.o -g
sleep 0.2
echo  "\rCreating mandatory \"ps_sort_algorithm.o\" object file.\033[K\c"
gcc -Iincludes -Isources/common/headers/ -Ilibraries/ft_printf/ -MMD -Wall -Werror -Wextra -Isources/mandatory/headers/ -Ilibraries/ft_printf/ -c sources/mandatory/ps_sort_algorithm.c -o sources/mandatory/objects/ps_sort_algorithm.o -g
sleep 0.2
echo  "\rCreating mandatory \"ps_sorting_utils.o\" object file.\033[K\c"
gcc -Iincludes -Isources/common/headers/ -Ilibraries/ft_printf/ -MMD -Wall -Werror -Wextra -Isources/mandatory/headers/ -Ilibraries/ft_printf/ -c sources/mandatory/ps_sorting_utils.c -o sources/mandatory/objects/ps_sorting_utils.o -g
sleep 0.2
echo  "\rCreating mandatory \"push_swap.o\" object file.\033[K\c"
gcc -Iincludes -Isources/common/headers/ -Ilibraries/ft_printf/ -MMD -Wall -Werror -Wextra -Isources/mandatory/headers/ -Ilibraries/ft_printf/ -c sources/mandatory/push_swap.c -o sources/mandatory/objects/push_swap.o -g
sleep 0.2
echo "\r\"push_swap\" executable created\033[K"
gcc sources/common/objects/ps_errors.o sources/common/objects/ps_handle_parameters.o sources/common/objects/ps_push.o sources/common/objects/ps_rotate.o sources/common/objects/ps_stacks_init.o sources/common/objects/ps_swap.o sources/common/objects/ps_utils.o sources/common/objects/ps_is_sorted.o sources/mandatory/objects/ps_manda_utils.o sources/mandatory/objects/ps_print_push.o sources/mandatory/objects/ps_print_rotate.o sources/mandatory/objects/ps_print_swap.o sources/mandatory/objects/ps_sort_algorithm.o sources/mandatory/objects/ps_sorting_utils.o sources/mandatory/objects/push_swap.o -o push_swap -Llibraries/ft_printf/ -lftprintf -g
sleep 0.2
echo  "\rCreating bonus \"push_swap_bonus.o\" object file.\033[K\c"
gcc -Iincludes -Isources/common/headers/ -Ilibraries/ft_printf/ -MMD -Wall -Werror -Wextra -Isources/bonus/headers/ -Ilibraries/ft_printf/ -c sources/bonus/push_swap_bonus.c -o sources/bonus/objects/push_swap_bonus.o -g
sleep 0.2
echo  "\rCreating bonus \"ps_bonus_utils.o\" object file.\033[K\c"
gcc -Iincludes -Isources/common/headers/ -Ilibraries/ft_printf/ -MMD -Wall -Werror -Wextra -Isources/bonus/headers/ -Ilibraries/ft_printf/ -c sources/bonus/ps_bonus_utils.c -o sources/bonus/objects/ps_bonus_utils.o -g
sleep 0.2
echo  "\rCreating bonus \"get_next_line.o\" object file.\033[K\c"
gcc -Iincludes -Isources/common/headers/ -Ilibraries/ft_printf/ -MMD -Wall -Werror -Wextra -Isources/bonus/headers/ -Ilibraries/ft_printf/ -c sources/bonus/get_next_line.c -o sources/bonus/objects/get_next_line.o -g
sleep 0.2
echo  "\rCreating bonus \"get_next_line_utils.o\" object file.\033[K\c"
gcc -Iincludes -Isources/common/headers/ -Ilibraries/ft_printf/ -MMD -Wall -Werror -Wextra -Isources/bonus/headers/ -Ilibraries/ft_printf/ -c sources/bonus/get_next_line_utils.c -o sources/bonus/objects/get_next_line_utils.o -g
sleep 0.2
echo "\r\"checker\" executable created\033[K"
gcc sources/common/objects/ps_errors.o sources/common/objects/ps_handle_parameters.o sources/common/objects/ps_push.o sources/common/objects/ps_rotate.o sources/common/objects/ps_stacks_init.o sources/common/objects/ps_swap.o sources/common/objects/ps_utils.o sources/common/objects/ps_is_sorted.o sources/bonus/objects/push_swap_bonus.o sources/bonus/objects/ps_bonus_utils.o sources/bonus/objects/get_next_line.o sources/bonus/objects/get_next_line_utils.o -o checker -Llibraries/ft_printf/ -lftprintf
sleep 0.2
make: Leaving directory '/home/sdi-lega/Documents/push_swap'
 
Makefile:147: target 'libraries/ft_printf/libftprintf.a' given more than once in the same rule
Makefile:147: target 'libraries/ft_printf/libftprintf.a' given more than once in the same rule
Makefile:182: target 'clean_ft_printf/' given more than once in the same rule
Makefile:182: target 'clean_ft_printf/' given more than once in the same rule

