make all --print-data-base --no-builtin-variables --no-builtin-rules --question
Makefile:147: target 'libraries/ft_printf/libftprintf.a' given more than once in the same rule
Makefile:147: target 'libraries/ft_printf/libftprintf.a' given more than once in the same rule
Makefile:182: target 'clean_ft_printf/' given more than once in the same rule
Makefile:182: target 'clean_ft_printf/' given more than once in the same rule

# GNU Make 4.2.1
# Built for x86_64-pc-linux-gnu
# Copyright (C) 1988-2016 Free Software Foundation, Inc.
# License GPLv3+: GNU GPL version 3 or later <http://gnu.org/licenses/gpl.html>
# This is free software: you are free to change and redistribute it.
# There is NO WARRANTY, to the extent permitted by law.

# Make data base, printed on Wed Jun  8 07:34:06 2022

# Variables

# automatic
<D = $(patsubst %/,%,$(dir $<))
# makefile (from 'Makefile', line 97)
COMN_INCLUDE = -Iincludes -I${COMN_DIR}headers/ ${addprefix -I, ${addprefix ${LIB_DIR},${dir ${COMN_LIBS}}}}
# automatic
?F = $(notdir $?)
# environment
WSLENV = VSCODE_WSL_EXT_LOCATION/up
# default
.SHELLFLAGS := -c
# environment
VSCODE_LOG_NATIVE = false
# automatic
?D = $(patsubst %/,%,$(dir $?))
# automatic
@D = $(patsubst %/,%,$(dir $@))
# automatic
@F = $(notdir $@)
# makefile (from 'Makefile', line 83)
BONUS_OBJS = ${addprefix ${BONUS_OBJ_DIR}, ${BONUS_SRCS:.c=.o}}
# makefile
CURDIR := /home/sdi-lega/Documents/push_swap
# makefile
SHELL = /bin/sh
# makefile (from 'Makefile', line 102)
RM = rm -f
# environment
VSCODE_NLS_CONFIG = {"locale":"en","availableLanguages":{}}
# environment
_ = /usr/bin/sh
# makefile (from 'Makefile', line 86)
ALL_LIBS = ${COMN_LIBS} ${MANDA_LIBS} ${BONUS_LIBS}
# makefile (from 'Makefile', line 99)
BONUS_INCLUDE = -I${BONUS_DIR}headers/ ${addprefix -I, ${addprefix ${LIB_DIR},${dir ${BONUS_LIBS}}}}
# makefile (from 'Makefile', line 1)
MAKEFILE_LIST :=  Makefile
# makefile (from 'Makefile', line 41)
LIB_DIR = libraries/
# 'override' directive
GNUMAKEFLAGS := 
# makefile (from 'Makefile', line 30)
COMN_OBJ_DIR = ${COMN_DIR}objects/
# environment
VSCODE_VERBOSE_LOGGING = true
# makefile (from 'Makefile', line 104)
SILENT = 
# environment
VSCODE_CWD = /mnt/c/Users/DLSal/AppData/Local/Programs/Microsoft VS Code
# default
MAKE_HOST := x86_64-pc-linux-gnu
# environment
PATH = /home/sdi-lega/.vscode-server/bin/c3511e6c69bb39013c4a4b7b9566ec1ca73fc4d5/bin/remote-cli:/usr/local/sbin:/usr/local/bin:/usr/sbin:/usr/bin:/sbin:/bin:/usr/games:/usr/local/games:/usr/lib/wsl/lib:/mnt/c/Program Files (x86)/Razer Chroma SDK/bin:/mnt/c/Program Files/Razer Chroma SDK/bin:/mnt/c/Program Files (x86)/Razer/ChromaBroadcast/bin:/mnt/c/Program Files/Razer/ChromaBroadcast/bin:/mnt/c/Program Files (x86)/Common Files/Oracle/Java/javapath:/mnt/c/WINDOWS/system32:/mnt/c/WINDOWS:/mnt/c/WINDOWS/System32/Wbem:/mnt/c/WINDOWS/System32/WindowsPowerShell/v1.0/:/mnt/c/WINDOWS/System32/OpenSSH/:/mnt/c/Program Files/NVIDIA Corporation/NVIDIA NvDLISR:/mnt/c/Program Files (x86)/NVIDIA Corporation/PhysX/Common:/mnt/c/Users/DLSal/AppData/Local/Microsoft/WindowsApps:/mnt/a/Program Files/Microsoft VS Code/bin:/mnt/c/WINDOWS/system32/config/systemprofile/AppData/Local/Microsoft/WindowsApps:/mnt/c/Program Files/Git/cmd:/mnt/c/Users/DLSal/AppData/Local/Microsoft/WindowsApps:/mnt/c/Users/DLSal/AppData/Local/GitHubDesktop/bin:/mnt/c/Users/DLSal/AppData/Local/Programs/Microsoft VS Code/bin
# makefile (from 'Makefile', line 38)
BONUS_OBJ_DIR = ${BONUS_DIR}objects/
# makefile (from 'Makefile', line 50)
COMN_SRCS = ps_errors.c ps_handle_parameters.c ps_push.c ps_rotate.c ps_stacks_init.c ps_swap.c ps_utils.c ps_is_sorted.c 
# environment
VSCODE_LOG_STACK = false
# environment
VSCODE_IPC_HOOK_CLI = /tmp/vscode-ipc-528930b7-1cd6-4c19-a72e-92dd1d635086.sock
# makefile (from 'Makefile', line 33)
MANDA_DIR = sources/mandatory/
# default
.FEATURES := target-specific order-only second-expansion else-if shortest-stem undefine oneshell archives jobserver output-sync check-symlink load
# makefile (from 'Makefile', line 101)
CC_FLAGS = ${COMN_INCLUDE} -MMD -Wall -Werror -Wextra
# makefile (from 'Makefile', line 88)
EXECUTABLES = ${NAME} checker 
# automatic
%F = $(notdir $%)
# makefile (from 'Makefile', line 75)
MANDA_LIBS = ${COMN_LIBS}
# makefile (from 'Makefile', line 78)
BONUS_SRCS = push_swap_bonus.c ps_bonus_utils.c get_next_line.c get_next_line_utils.c
# environment
VSCODE_PIPE_LOGGING = true
# environment
PWD = /home/sdi-lega/Documents/push_swap
# default
.LOADED := 
# environment
WSL_INTEROP = /run/WSL/15434_interop
# makefile (from 'Makefile', line 74)
MANDA_OBJS = ${addprefix ${MANDA_OBJ_DIR}, ${MANDA_SRCS:.c=.o}}
# environment
VSCODE_AMD_ENTRYPOINT = vs/workbench/api/node/extensionHostProcess
# environment
HOME = /home/sdi-lega
# makefile (from 'Makefile', line 62)
COMN_OBJS = ${addprefix ${COMN_OBJ_DIR}, ${COMN_SRCS:.c=.o}}
# environment
LOGNAME = sdi-lega
# environment
APPLICATION_INSIGHTS_NO_DIAGNOSTIC_CHANNEL = 1
# makefile (from 'Makefile', line 98)
MANDA_INCLUDE = -I${MANDA_DIR}headers/ ${addprefix -I, ${addprefix ${LIB_DIR},${dir ${MANDA_LIBS}}}}
# makefile (from 'Makefile', line 87)
DEPENDS = ${MANDA_OBJS:.o=.d} ${BONUS_OBJS:.o=.d} ${COMN_OBJS:.o=.d}
# environment
VSCODE_HANDLES_UNCAUGHT_ERRORS = true
# automatic
^D = $(patsubst %/,%,$(dir $^))
# environment
MAKELEVEL := 0
# makefile (from 'Makefile', line 103)
SLEEP_TIME = 0.2
# default
MAKE = $(MAKE_COMMAND)
# default
MAKECMDGOALS := all
# environment
SHLVL = 0
# makefile (from 'Makefile', line 96)
CC = gcc
# default
MAKE_VERSION := 4.2.1
# environment
USER = sdi-lega
# makefile
.DEFAULT_GOAL := all
# makefile (from 'Makefile', line 19)
NAME = push_swap
# automatic
%D = $(patsubst %/,%,$(dir $%))
# makefile (from 'Makefile', line 34)
MANDA_OBJ_DIR = ${MANDA_DIR}objects/
# environment
VSCODE_WSL_EXT_LOCATION = /mnt/c/Users/DLSal/.vscode/extensions/ms-vscode-remote.remote-wsl-0.66.3
# default
MAKE_COMMAND := make
# default
.VARIABLES := 
# automatic
*F = $(notdir $*)
# makefile
MAKEFLAGS = pqrR
# environment
MFLAGS = -pqrR
# automatic
*D = $(patsubst %/,%,$(dir $*))
# automatic
+D = $(patsubst %/,%,$(dir $+))
# automatic
+F = $(notdir $+)
# environment
VSCODE_HANDLES_SIGPIPE = true
# default
MAKEFILES := 
# makefile (from 'Makefile', line 66)
MANDA_SRCS = ps_manda_utils.c ps_print_push.c ps_print_rotate.c ps_print_swap.c ps_sort_algorithm.c ps_sorting_utils.c push_swap.c 
# automatic
<F = $(notdir $<)
# makefile (from 'Makefile', line 29)
COMN_DIR = sources/common/
# environment
LC_ALL = C
# environment
HOSTTYPE = x86_64
# makefile (from 'Makefile', line 63)
COMN_LIBS = ft_printf/libftprintf.a
# automatic
^F = $(notdir $^)
# default
SUFFIXES := 
# default
.INCLUDE_DIRS = /usr/include /usr/local/include /usr/include
# default
.RECIPEPREFIX := 
# makefile (from 'Makefile', line 37)
BONUS_DIR = sources/bonus/
# environment
LANG = C
# environment
TERM = xterm-256color
# environment
VSCODE_EXTHOST_WILL_SEND_SOCKET = true
# makefile (from 'Makefile', line 84)
BONUS_LIBS = ${COMN_LIBS}
# environment
WSL_DISTRO_NAME = Ubuntu
# variable set hash-table stats:
# Load=90/1024=9%, Rehash=0, Collisions=16/190=8%

# Pattern-specific Variable Values

# No pattern-specific variable values.

# Directories

# . (device 2064, inode 10732): 12 files, no impossibilities.
# sources/bonus (device 2064, inode 20120): No files, no impossibilities so far.
# sources/mandatory (device 2064, inode 41815): No files, no impossibilities so far.
# sources/common (device 2064, inode 29291): No files, no impossibilities so far.

# 12 files, no impossibilities in 4 directories.

# Implicit Rules

sources/common/objects/%.o: sources/common/%.c
#  recipe to execute (from 'Makefile', line 132):
			@ echo  "\rCreating common \"${@F:.c=.o}\" object file.\033[K\c"
			${SILENT} ${CC} ${CC_FLAGS} ${COMN_INCLUDE} -c $< -o ${COMN_OBJ_DIR}${@F:.c=.o} -g
			@ sleep ${SLEEP_TIME}
			

sources/mandatory/objects/%.o: sources/mandatory/%.c
#  recipe to execute (from 'Makefile', line 137):
			@ echo  "\rCreating mandatory \"${@F:.c=.o}\" object file.\033[K\c"
			${SILENT} ${CC} ${CC_FLAGS} ${MANDA_INCLUDE} -c $< -o ${MANDA_OBJ_DIR}${@F:.c=.o} -g
			@ sleep ${SLEEP_TIME}
			

sources/bonus/objects/%.o: sources/bonus/%.c
#  recipe to execute (from 'Makefile', line 142):
			@ echo  "\rCreating bonus \"${@F:.c=.o}\" object file.\033[K\c"
			${SILENT} ${CC} ${CC_FLAGS} ${BONUS_INCLUDE} -c $< -o ${BONUS_OBJ_DIR}${@F:.c=.o} -g
			@ sleep ${SLEEP_TIME}
			

# 3 implicit rules, 0 (0.0%) terminal.

# Files

# Not a target:
sources/bonus/objects/get_next_line.o:
#  Implicit rule search has not been done.
#  Modification time never checked.
#  File has not been updated.

# Not a target:
sources/mandatory/objects/ps_print_push.d:
#  Implicit rule search has been done.
#  File does not exist.
#  File has been updated.
#  Failed to be updated.

# Not a target:
sources/common/objects/ps_push.d:
#  Implicit rule search has been done.
#  File does not exist.
#  File has been updated.
#  Failed to be updated.

all: mandatory bonus
#  Command line target.
#  Implicit rule search has been done.
#  File does not exist.
#  File has been updated.
#  Needs to be updated (-q is set).
# variable set hash-table stats:
# Load=0/32=0%, Rehash=0, Collisions=0/5=0%

# Not a target:
sources/mandatory/objects/ps_sorting_utils.o:
#  Implicit rule search has not been done.
#  Modification time never checked.
#  File has not been updated.

.phony: fclean clean clean_bonus clean_libs clean_exe start all mandatory bonus re
#  Implicit rule search has not been done.
#  Modification time never checked.
#  File has not been updated.

mandatory: push_swap
#  Implicit rule search has been done.
#  File does not exist.
#  File has been updated.
#  Needs to be updated (-q is set).
 
# variable set hash-table stats:
# Load=0/32=0%, Rehash=0, Collisions=0/5=0%

# Not a target:
sources/common/objects/ps_errors.o:
#  Implicit rule search has not been done.
#  Modification time never checked.
#  File has not been updated.

# Not a target:
sources/mandatory/objects/ps_sort_algorithm.d:
#  Implicit rule search has been done.
#  File does not exist.
#  File has been updated.
#  Failed to be updated.

# Not a target:
sources/mandatory/objects/ps_print_rotate.d:
#  Implicit rule search has been done.
#  File does not exist.
#  File has been updated.
#  Failed to be updated.

# Not a target:
sources/mandatory/objects/push_swap.d:
#  Implicit rule search has been done.
#  File does not exist.
#  File has been updated.
#  Failed to be updated.

# Not a target:
sources/common/objects/ps_swap.d:
#  Implicit rule search has been done.
#  File does not exist.
#  File has been updated.
#  Failed to be updated.

# Not a target:
.SUFFIXES:
#  Implicit rule search has not been done.
#  Modification time never checked.
#  File has not been updated.

# Not a target:
sources/common/objects/ps_rotate.d:
#  Implicit rule search has been done.
#  File does not exist.
#  File has been updated.
#  Failed to be updated.

# Not a target:
sources/mandatory/objects/ps_manda_utils.d:
#  Implicit rule search has been done.
#  File does not exist.
#  File has been updated.
#  Failed to be updated.

# Not a target:
sources/common/objects/ps_is_sorted.d:
#  Implicit rule search has been done.
#  File does not exist.
#  File has been updated.
#  Failed to be updated.

# Not a target:
Makefile:
#  Implicit rule search has been done.
#  Last modified 2022-06-08 06:54:54.929398029
#  File has been updated.
#  Successfully updated.

# Not a target:
sources/common/objects/ps_stacks_init.d:
#  Implicit rule search has been done.
#  File does not exist.
#  File has been updated.
#  Failed to be updated.

start:
#  Implicit rule search has not been done.
#  Modification time never checked.
#  File has not been updated.
#  recipe to execute (from 'Makefile', line 207):
			${SILENT} mkdir -p sources/common/objects
			${SILENT} mkdir -p sources/common/headers
			${SILENT} mkdir -p sources/mandatory/objects
			${SILENT} mkdir -p sources/mandatory/headers
			${SILENT} mkdir -p sources/bonus/objects
			${SILENT} mkdir -p sources/bonus/headers
			${SILENT} mkdir -p libraries

# Not a target:
sources/mandatory/objects/ps_print_push.o:
#  Implicit rule search has not been done.
#  Modification time never checked.
#  File has not been updated.

# Not a target:
sources/bonus/objects/ps_bonus_utils.d:
#  Implicit rule search has been done.
#  File does not exist.
#  File has been updated.
#  Failed to be updated.

libraries/ft_printf/libftprintf.a:
#  Implicit rule search has not been done.
#  Implicit/static pattern stem: ''
#  File does not exist.
#  File has been updated.
#  Needs to be updated (-q is set).
# automatic
# @ := libraries/ft_printf/libftprintf.a
# automatic
# % := 
# automatic
# * := 
# automatic
# + := 
# automatic
# | := 
# automatic
# < := 
# automatic
# ^ := 
# automatic
# ? := 
# variable set hash-table stats:
# Load=8/32=25%, Rehash=0, Collisions=1/16=6%
#  recipe to execute (from 'Makefile', line 148):
			@ echo  "\rCreating \"${notdir $@}\".\033[K\c"
			${SILENT} make -sC $(@D)
			@ echo "\rLibrary \"${notdir $@}\" created\033[K"

# Not a target:
sources/common/objects/ps_push.o:
#  Implicit rule search has not been done.
#  Modification time never checked.
#  File has not been updated.

# Not a target:
sources/bonus/objects/get_next_line_utils.d:
#  Implicit rule search has been done.
#  File does not exist.
#  File has been updated.
#  Failed to be updated.

clean_bonus:
#  Implicit rule search has not been done.
#  Modification time never checked.
#  File has not been updated.
#  recipe to execute (from 'Makefile', line 178):
			@ echo "\rRemoving bonnus objects files (${notdir ${BONUS_OBJS}}).\033[K\c"
			${SILENT} ${RM} ${BONUS_OBJS} ${DEPENDS}
			@ sleep ${SLEEP_TIME}

# Not a target:
sources/bonus/objects/push_swap_bonus.d:
#  Implicit rule search has been done.
#  File does not exist.
#  File has been updated.
#  Failed to be updated.

# Not a target:
sources/common/objects/ps_utils.d:
#  Implicit rule search has been done.
#  File does not exist.
#  File has been updated.
#  Failed to be updated.

bonus: checker
#  Implicit rule search has not been done.
#  Modification time never checked.
#  File has not been updated.

fclean: clean clean_ft_printf/ clean_ft_printf/ clean_ft_printf/ clean_exe clean_bonus
#  Implicit rule search has not been done.
#  Modification time never checked.
#  File has not been updated.
#  recipe to execute (from 'Makefile', line 193):
			@ echo "\rEverything removed.\033[K"
				

# Not a target:
sources/mandatory/objects/ps_print_swap.o:
#  Implicit rule search has not been done.
#  Modification time never checked.
#  File has not been updated.

# Not a target:
sources/mandatory/objects/ps_sort_algorithm.o:
#  Implicit rule search has not been done.
#  Modification time never checked.
#  File has not been updated.

# Not a target:
sources/mandatory/objects/ps_print_rotate.o:
#  Implicit rule search has not been done.
#  Modification time never checked.
#  File has not been updated.

# Not a target:
sources/mandatory/objects/push_swap.o:
#  Implicit rule search has not been done.
#  Modification time never checked.
#  File has not been updated.

# Not a target:
sources/common/objects/ps_swap.o:
#  Implicit rule search has not been done.
#  Modification time never checked.
#  File has not been updated.

# Not a target:
sources/common/objects/ps_rotate.o:
#  Implicit rule search has not been done.
#  Modification time never checked.
#  File has not been updated.

# Not a target:
sources/mandatory/objects/ps_manda_utils.o:
#  Implicit rule search has not been done.
#  Modification time never checked.
#  File has not been updated.

# Not a target:
sources/common/objects/ps_is_sorted.o:
#  Implicit rule search has not been done.
#  Modification time never checked.
#  File has not been updated.

# Not a target:
sources/common/objects/ps_stacks_init.o:
#  Implicit rule search has not been done.
#  Modification time never checked.
#  File has not been updated.

# Not a target:
.DEFAULT:
#  Implicit rule search has not been done.
#  Modification time never checked.
#  File has not been updated.

# Not a target:
sources/bonus/objects/ps_bonus_utils.o:
#  Implicit rule search has not been done.
#  Modification time never checked.
#  File has not been updated.

checker: libraries/ft_printf/libftprintf.a sources/common/objects/ps_errors.o sources/common/objects/ps_handle_parameters.o sources/common/objects/ps_push.o sources/common/objects/ps_rotate.o sources/common/objects/ps_stacks_init.o sources/common/objects/ps_swap.o sources/common/objects/ps_utils.o sources/common/objects/ps_is_sorted.o sources/bonus/objects/push_swap_bonus.o sources/bonus/objects/ps_bonus_utils.o sources/bonus/objects/get_next_line.o sources/bonus/objects/get_next_line_utils.o
#  Implicit rule search has not been done.
#  Modification time never checked.
#  File has not been updated.
#  recipe to execute (from 'Makefile', line 159):
			@ echo "\r\"$@\" executable created\033[K"
			${SILENT} ${CC} ${COMN_OBJS} ${BONUS_OBJS} -o $@ ${addprefix -L, ${addprefix ${LIB_DIR},${dir ${BONUS_LIBS}}}} ${addprefix -l, ${patsubst lib%.a, %, ${notdir ${BONUS_LIBS}}}}
			@ sleep ${SLEEP_TIME}
			

clean_exe:
#  Implicit rule search has not been done.
#  Modification time never checked.
#  File has not been updated.
#  recipe to execute (from 'Makefile', line 188):
			@ echo "\rRemoving executables (${notdir ${EXECUTABLES}}).\033[K\c"
			${SILENT} ${RM} ${EXECUTABLES}
			@ sleep ${SLEEP_TIME}

# Not a target:
sources/bonus/objects/get_next_line_utils.o:
#  Implicit rule search has not been done.
#  Modification time never checked.
#  File has not been updated.

# Not a target:
sources/common/objects/ps_handle_parameters.d:
#  Implicit rule search has been done.
#  File does not exist.
#  File has been updated.
 
#  Failed to be updated.

clean_ft_printf/:
#  Implicit rule search has not been done.
#  Modification time never checked.
#  File has not been updated.
#  recipe to execute (from 'Makefile', line 183):
			@ echo "\rRemoving libraries (${patsubst clean_%,%, $@}).\033[K\c"
			${SILENT} make fclean -sC ${patsubst clean_%, libraries/%, $@}
			@ sleep ${SLEEP_TIME}

re: fclean all
#  Implicit rule search has not been done.
#  Modification time never checked.
#  File has not been updated.

clean:
#  Implicit rule search has not been done.
#  Modification time never checked.
#  File has not been updated.
#  recipe to execute (from 'Makefile', line 173):
			@ echo "\rRemoving objects files (${notdir ${COMN_OBJS}} ${notdir ${MANDA_OBJS}}).\033[K\c"
			${SILENT} ${RM} ${OBJECTS} ${COMN_OBJS} ${MANDA_OBJS} ${DEPENDS}
			@ sleep ${SLEEP_TIME}

# Not a target:
sources/bonus/objects/push_swap_bonus.o:
#  Implicit rule search has not been done.
#  Modification time never checked.
#  File has not been updated.

# Not a target:
sources/bonus/objects/get_next_line.d:
#  Implicit rule search has been done.
#  File does not exist.
#  File has been updated.
#  Failed to be updated.

push_swap: libraries/ft_printf/libftprintf.a sources/common/objects/ps_errors.o sources/common/objects/ps_handle_parameters.o sources/common/objects/ps_push.o sources/common/objects/ps_rotate.o sources/common/objects/ps_stacks_init.o sources/common/objects/ps_swap.o sources/common/objects/ps_utils.o sources/common/objects/ps_is_sorted.o sources/mandatory/objects/ps_manda_utils.o sources/mandatory/objects/ps_print_push.o sources/mandatory/objects/ps_print_rotate.o sources/mandatory/objects/ps_print_swap.o sources/mandatory/objects/ps_sort_algorithm.o sources/mandatory/objects/ps_sorting_utils.o sources/mandatory/objects/push_swap.o
#  Implicit rule search has not been done.
#  File does not exist.
#  File has been updated.
#  Needs to be updated (-q is set).
# variable set hash-table stats:
# Load=0/32=0%, Rehash=0, Collisions=0/5=0%
#  recipe to execute (from 'Makefile', line 154):
			@ echo "\r\"$@\" executable created\033[K"
			${SILENT} ${CC} ${COMN_OBJS} ${MANDA_OBJS} -o $@ ${addprefix -L, ${addprefix ${LIB_DIR},${dir ${MANDA_LIBS}}}} ${addprefix -l, ${patsubst lib%.a, %, ${notdir ${MANDA_LIBS}}}} -g
			@ sleep ${SLEEP_TIME}
			

# Not a target:
sources/common/objects/ps_utils.o:
#  Implicit rule search has not been done.
#  Modification time never checked.
#  File has not been updated.

# Not a target:
sources/mandatory/objects/ps_print_swap.d:
#  Implicit rule search has been done.
#  File does not exist.
#  File has been updated.
#  Failed to be updated.

# Not a target:
sources/mandatory/objects/ps_sorting_utils.d:
#  Implicit rule search has been done.
#  File does not exist.
#  File has been updated.
#  Failed to be updated.

# Not a target:
clean_libs:
#  Implicit rule search has not been done.
#  Modification time never checked.
#  File has not been updated.

# Not a target:
sources/common/objects/ps_errors.d:
#  Implicit rule search has been done.
#  File does not exist.
#  File has been updated.
#  Failed to be updated.

# Not a target:
sources/common/objects/ps_handle_parameters.o:
#  Implicit rule search has not been done.
#  Modification time never checked.
#  File has not been updated.

# files hash-table stats:
# Load=56/1024=5%, Rehash=0, Collisions=2/147=1%
# VPATH Search Paths

# No 'vpath' search paths.

# No general ('VPATH' variable) search path.

# strcache buffers: 1 (0) / strings = 78 / storage = 2015 B / avg = 25 B
# current buf: size = 8162 B / used = 2015 B / count = 78 / avg = 25 B

# strcache performance: lookups = 156 / hit rate = 50%
# hash-table stats:
# Load=78/8192=1%, Rehash=0, Collisions=1/156=1%
# Finished Make data base on Wed Jun  8 07:34:06 2022

 
